[2m2021-07-21 17:14:44.915[0;39m [33m WARN[0;39m [35m78776[0;39m [2m---[0;39m [2m[           main][0;39m [36mo.s.boot.StartupInfoLogger              [0;39m [2m:[0;39m InetAddress.getLocalHost().getHostName() took 5006 milliseconds to respond. Please verify your network configuration (macOS machines may need to add entries to /etc/hosts).
[2m2021-07-21 17:14:49.946[0;39m [32m INFO[0;39m [35m78776[0;39m [2m---[0;39m [2m[           main][0;39m [36mcom.example.my.MyApplication            [0;39m [2m:[0;39m Starting MyApplication using Java 1.8.0_251 on caijihuis-MacBook-Pro.local with PID 78776 (/Users/caijh/application/caijihui/java-project/my/my-app-facade/target/classes started by caijh in /Users/caijh/application/caijihui/java-project/my)
[2m2021-07-21 17:14:49.950[0;39m [32m INFO[0;39m [35m78776[0;39m [2m---[0;39m [2m[           main][0;39m [36mcom.example.my.MyApplication            [0;39m [2m:[0;39m No active profile set, falling back to default profiles: default
[2m2021-07-21 17:14:51.465[0;39m [32m INFO[0;39m [35m78776[0;39m [2m---[0;39m [2m[           main][0;39m [36m.s.d.r.c.RepositoryConfigurationDelegate[0;39m [2m:[0;39m Multiple Spring Data modules found, entering strict repository configuration mode!
[2m2021-07-21 17:14:51.468[0;39m [32m INFO[0;39m [35m78776[0;39m [2m---[0;39m [2m[           main][0;39m [36m.s.d.r.c.RepositoryConfigurationDelegate[0;39m [2m:[0;39m Bootstrapping Spring Data Redis repositories in DEFAULT mode.
[2m2021-07-21 17:14:51.516[0;39m [32m INFO[0;39m [35m78776[0;39m [2m---[0;39m [2m[           main][0;39m [36m.s.d.r.c.RepositoryConfigurationDelegate[0;39m [2m:[0;39m Finished Spring Data repository scanning in 30 ms. Found 0 Redis repository interfaces.
[2m2021-07-21 17:14:52.119[0;39m [32m INFO[0;39m [35m78776[0;39m [2m---[0;39m [2m[           main][0;39m [36mtrationDelegate$BeanPostProcessorChecker[0;39m [2m:[0;39m Bean 'redisConfig' of type [com.example.my.config.RedisConfig$$EnhancerBySpringCGLIB$$2ac67f3d] is not eligible for getting processed by all BeanPostProcessors (for example: not eligible for auto-proxying)
[2m2021-07-21 17:14:52.632[0;39m [32m INFO[0;39m [35m78776[0;39m [2m---[0;39m [2m[           main][0;39m [36mo.s.b.w.embedded.tomcat.TomcatWebServer [0;39m [2m:[0;39m Tomcat initialized with port(s): 8082 (http)
[2m2021-07-21 17:14:52.642[0;39m [32m INFO[0;39m [35m78776[0;39m [2m---[0;39m [2m[           main][0;39m [36mo.apache.catalina.core.StandardService  [0;39m [2m:[0;39m Starting service [Tomcat]
[2m2021-07-21 17:14:52.644[0;39m [32m INFO[0;39m [35m78776[0;39m [2m---[0;39m [2m[           main][0;39m [36morg.apache.catalina.core.StandardEngine [0;39m [2m:[0;39m Starting Servlet engine: [Apache Tomcat/9.0.46]
[2m2021-07-21 17:14:52.718[0;39m [32m INFO[0;39m [35m78776[0;39m [2m---[0;39m [2m[           main][0;39m [36mo.a.c.c.C.[Tomcat].[localhost].[/]      [0;39m [2m:[0;39m Initializing Spring embedded WebApplicationContext
[2m2021-07-21 17:14:52.721[0;39m [32m INFO[0;39m [35m78776[0;39m [2m---[0;39m [2m[           main][0;39m [36mw.s.c.ServletWebServerApplicationContext[0;39m [2m:[0;39m Root WebApplicationContext: initialization completed in 2671 ms
[2m2021-07-21 17:14:53.191[0;39m [32m INFO[0;39m [35m78776[0;39m [2m---[0;39m [2m[           main][0;39m [36mc.a.d.s.b.a.DruidDataSourceAutoConfigure[0;39m [2m:[0;39m Init DruidDataSource
[2m2021-07-21 17:14:53.380[0;39m [32m INFO[0;39m [35m78776[0;39m [2m---[0;39m [2m[           main][0;39m [36mcom.alibaba.druid.pool.DruidDataSource  [0;39m [2m:[0;39m {dataSource-1} inited
[2m2021-07-21 17:15:15.469[0;39m [32m INFO[0;39m [35m78776[0;39m [2m---[0;39m [2m[           main][0;39m [36mcom.example.my.config.ExecutorConfig    [0;39m [2m:[0;39m start asyncServiceExecutor
[2m2021-07-21 17:15:22.577[0;39m [32m INFO[0;39m [35m78776[0;39m [2m---[0;39m [2m[           main][0;39m [36mo.s.b.w.embedded.tomcat.TomcatWebServer [0;39m [2m:[0;39m Tomcat started on port(s): 8082 (http) with context path ''
[2m2021-07-21 17:15:22.580[0;39m [32m INFO[0;39m [35m78776[0;39m [2m---[0;39m [2m[           main][0;39m [36md.s.w.p.DocumentationPluginsBootstrapper[0;39m [2m:[0;39m Context refreshed
[2m2021-07-21 17:15:22.619[0;39m [32m INFO[0;39m [35m78776[0;39m [2m---[0;39m [2m[           main][0;39m [36md.s.w.p.DocumentationPluginsBootstrapper[0;39m [2m:[0;39m Found 1 custom documentation plugin(s)
[2m2021-07-21 17:15:22.635[0;39m [32m INFO[0;39m [35m78776[0;39m [2m---[0;39m [2m[           main][0;39m [36ms.d.s.w.s.ApiListingReferenceScanner    [0;39m [2m:[0;39m Scanning for api listing references
[2m2021-07-21 17:15:23.482[0;39m [32m INFO[0;39m [35m78776[0;39m [2m---[0;39m [2m[           main][0;39m [36mo.s.a.r.c.CachingConnectionFactory      [0;39m [2m:[0;39m Attempting to connect to: 127.0.0.1:5672
[2m2021-07-21 17:15:24.682[0;39m [32m INFO[0;39m [35m78776[0;39m [2m---[0;39m [2m[           main][0;39m [36mo.s.a.r.c.CachingConnectionFactory      [0;39m [2m:[0;39m Created new connection: connectionFactory#3cc30dee:0/SimpleConnection@1de30c31 [delegate=amqp://guest@127.0.0.1:5672/, localPort= 62153]
[2m2021-07-21 17:15:24.894[0;39m [32m INFO[0;39m [35m78776[0;39m [2m---[0;39m [2m[           main][0;39m [36ms.a.ScheduledAnnotationBeanPostProcessor[0;39m [2m:[0;39m No TaskScheduler/ScheduledExecutorService bean found for scheduled processing
[2m2021-07-21 17:15:24.912[0;39m [32m INFO[0;39m [35m78776[0;39m [2m---[0;39m [2m[           main][0;39m [36mcom.example.my.MyApplication            [0;39m [2m:[0;39m Started MyApplication in 55.71 seconds (JVM running for 61.397)
