[2m2021-07-22 16:18:53.742[0;39m [32m INFO[0;39m [35m78776[0;39m [2m---[0;39m [2m[ionShutdownHook][0;39m [36mo.s.a.r.l.SimpleMessageListenerContainer[0;39m [2m:[0;39m Waiting for workers to finish.
[2m2021-07-22 16:18:54.521[0;39m [32m INFO[0;39m [35m78776[0;39m [2m---[0;39m [2m[ionShutdownHook][0;39m [36mo.s.a.r.l.SimpleMessageListenerContainer[0;39m [2m:[0;39m Successfully waited for workers to finish.
[2m2021-07-22 16:18:54.568[0;39m [32m INFO[0;39m [35m78776[0;39m [2m---[0;39m [2m[ionShutdownHook][0;39m [36mo.s.a.r.l.SimpleMessageListenerContainer[0;39m [2m:[0;39m Waiting for workers to finish.
[2m2021-07-22 16:18:55.466[0;39m [32m INFO[0;39m [35m78776[0;39m [2m---[0;39m [2m[ionShutdownHook][0;39m [36mo.s.a.r.l.SimpleMessageListenerContainer[0;39m [2m:[0;39m Successfully waited for workers to finish.
[2m2021-07-22 16:18:55.492[0;39m [32m INFO[0;39m [35m78776[0;39m [2m---[0;39m [2m[ionShutdownHook][0;39m [36mo.s.a.r.l.SimpleMessageListenerContainer[0;39m [2m:[0;39m Waiting for workers to finish.
[2m2021-07-22 16:18:55.540[0;39m [32m INFO[0;39m [35m78776[0;39m [2m---[0;39m [2m[ionShutdownHook][0;39m [36mo.s.a.r.l.SimpleMessageListenerContainer[0;39m [2m:[0;39m Successfully waited for workers to finish.
[2m2021-07-22 16:18:55.555[0;39m [32m INFO[0;39m [35m78776[0;39m [2m---[0;39m [2m[ionShutdownHook][0;39m [36mo.s.a.r.l.SimpleMessageListenerContainer[0;39m [2m:[0;39m Waiting for workers to finish.
[2m2021-07-22 16:18:56.469[0;39m [32m INFO[0;39m [35m78776[0;39m [2m---[0;39m [2m[ionShutdownHook][0;39m [36mo.s.a.r.l.SimpleMessageListenerContainer[0;39m [2m:[0;39m Successfully waited for workers to finish.
[2m2021-07-22 16:18:56.484[0;39m [32m INFO[0;39m [35m78776[0;39m [2m---[0;39m [2m[ionShutdownHook][0;39m [36mo.s.a.r.l.SimpleMessageListenerContainer[0;39m [2m:[0;39m Waiting for workers to finish.
[2m2021-07-22 16:18:56.486[0;39m [32m INFO[0;39m [35m78776[0;39m [2m---[0;39m [2m[ionShutdownHook][0;39m [36mo.s.a.r.l.SimpleMessageListenerContainer[0;39m [2m:[0;39m Successfully waited for workers to finish.
[2m2021-07-22 16:18:56.495[0;39m [32m INFO[0;39m [35m78776[0;39m [2m---[0;39m [2m[ionShutdownHook][0;39m [36mo.s.a.r.l.SimpleMessageListenerContainer[0;39m [2m:[0;39m Waiting for workers to finish.
[2m2021-07-22 16:18:56.576[0;39m [32m INFO[0;39m [35m78776[0;39m [2m---[0;39m [2m[ionShutdownHook][0;39m [36mo.s.a.r.l.SimpleMessageListenerContainer[0;39m [2m:[0;39m Successfully waited for workers to finish.
[2m2021-07-22 16:18:56.854[0;39m [32m INFO[0;39m [35m78776[0;39m [2m---[0;39m [2m[ionShutdownHook][0;39m [36mcom.alibaba.druid.pool.DruidDataSource  [0;39m [2m:[0;39m {dataSource-1} closing ...
[2m2021-07-22 16:18:56.882[0;39m [32m INFO[0;39m [35m78776[0;39m [2m---[0;39m [2m[ionShutdownHook][0;39m [36mcom.alibaba.druid.pool.DruidDataSource  [0;39m [2m:[0;39m {dataSource-1} closed
[2m2021-07-22 18:20:11.574[0;39m [33m WARN[0;39m [35m98818[0;39m [2m---[0;39m [2m[           main][0;39m [36mo.s.boot.StartupInfoLogger              [0;39m [2m:[0;39m InetAddress.getLocalHost().getHostName() took 5006 milliseconds to respond. Please verify your network configuration (macOS machines may need to add entries to /etc/hosts).
[2m2021-07-22 18:20:16.601[0;39m [32m INFO[0;39m [35m98818[0;39m [2m---[0;39m [2m[           main][0;39m [36mcom.my.facade.MyApplication             [0;39m [2m:[0;39m Starting MyApplication using Java 1.8.0_251 on caijihuis-MacBook-Pro.local with PID 98818 (/Users/caijh/application/caijihui/java-project/my/my-app-facade/target/classes started by caijh in /Users/caijh/application/caijihui/java-project/my)
[2m2021-07-22 18:20:16.604[0;39m [32m INFO[0;39m [35m98818[0;39m [2m---[0;39m [2m[           main][0;39m [36mcom.my.facade.MyApplication             [0;39m [2m:[0;39m No active profile set, falling back to default profiles: default
[2m2021-07-22 18:20:17.829[0;39m [32m INFO[0;39m [35m98818[0;39m [2m---[0;39m [2m[           main][0;39m [36m.s.d.r.c.RepositoryConfigurationDelegate[0;39m [2m:[0;39m Multiple Spring Data modules found, entering strict repository configuration mode!
[2m2021-07-22 18:20:17.833[0;39m [32m INFO[0;39m [35m98818[0;39m [2m---[0;39m [2m[           main][0;39m [36m.s.d.r.c.RepositoryConfigurationDelegate[0;39m [2m:[0;39m Bootstrapping Spring Data Redis repositories in DEFAULT mode.
[2m2021-07-22 18:20:17.869[0;39m [32m INFO[0;39m [35m98818[0;39m [2m---[0;39m [2m[           main][0;39m [36m.s.d.r.c.RepositoryConfigurationDelegate[0;39m [2m:[0;39m Finished Spring Data repository scanning in 24 ms. Found 0 Redis repository interfaces.
[2m2021-07-22 18:20:18.386[0;39m [32m INFO[0;39m [35m98818[0;39m [2m---[0;39m [2m[           main][0;39m [36mtrationDelegate$BeanPostProcessorChecker[0;39m [2m:[0;39m Bean 'redisConfig' of type [com.my.facade.config.RedisConfig$$EnhancerBySpringCGLIB$$a741d28b] is not eligible for getting processed by all BeanPostProcessors (for example: not eligible for auto-proxying)
[2m2021-07-22 18:20:18.777[0;39m [32m INFO[0;39m [35m98818[0;39m [2m---[0;39m [2m[           main][0;39m [36mo.s.b.w.embedded.tomcat.TomcatWebServer [0;39m [2m:[0;39m Tomcat initialized with port(s): 8082 (http)
[2m2021-07-22 18:20:18.786[0;39m [32m INFO[0;39m [35m98818[0;39m [2m---[0;39m [2m[           main][0;39m [36mo.apache.catalina.core.StandardService  [0;39m [2m:[0;39m Starting service [Tomcat]
[2m2021-07-22 18:20:18.786[0;39m [32m INFO[0;39m [35m98818[0;39m [2m---[0;39m [2m[           main][0;39m [36morg.apache.catalina.core.StandardEngine [0;39m [2m:[0;39m Starting Servlet engine: [Apache Tomcat/9.0.46]
[2m2021-07-22 18:20:18.848[0;39m [32m INFO[0;39m [35m98818[0;39m [2m---[0;39m [2m[           main][0;39m [36mo.a.c.c.C.[Tomcat].[localhost].[/]      [0;39m [2m:[0;39m Initializing Spring embedded WebApplicationContext
[2m2021-07-22 18:20:18.849[0;39m [32m INFO[0;39m [35m98818[0;39m [2m---[0;39m [2m[           main][0;39m [36mw.s.c.ServletWebServerApplicationContext[0;39m [2m:[0;39m Root WebApplicationContext: initialization completed in 2117 ms
[2m2021-07-22 18:20:19.297[0;39m [32m INFO[0;39m [35m98818[0;39m [2m---[0;39m [2m[           main][0;39m [36mc.a.d.s.b.a.DruidDataSourceAutoConfigure[0;39m [2m:[0;39m Init DruidDataSource
[2m2021-07-22 18:20:19.492[0;39m [32m INFO[0;39m [35m98818[0;39m [2m---[0;39m [2m[           main][0;39m [36mcom.alibaba.druid.pool.DruidDataSource  [0;39m [2m:[0;39m {dataSource-1} inited
[2m2021-07-22 18:20:40.966[0;39m [32m INFO[0;39m [35m98818[0;39m [2m---[0;39m [2m[           main][0;39m [36mcom.my.facade.config.ExecutorConfig     [0;39m [2m:[0;39m start asyncServiceExecutor
[2m2021-07-22 18:20:47.077[0;39m [32m INFO[0;39m [35m98818[0;39m [2m---[0;39m [2m[           main][0;39m [36mo.s.b.w.embedded.tomcat.TomcatWebServer [0;39m [2m:[0;39m Tomcat started on port(s): 8082 (http) with context path ''
[2m2021-07-22 18:20:47.082[0;39m [32m INFO[0;39m [35m98818[0;39m [2m---[0;39m [2m[           main][0;39m [36md.s.w.p.DocumentationPluginsBootstrapper[0;39m [2m:[0;39m Context refreshed
[2m2021-07-22 18:20:47.091[0;39m [32m INFO[0;39m [35m98818[0;39m [2m---[0;39m [2m[           main][0;39m [36md.s.w.p.DocumentationPluginsBootstrapper[0;39m [2m:[0;39m Found 1 custom documentation plugin(s)
[2m2021-07-22 18:20:47.099[0;39m [32m INFO[0;39m [35m98818[0;39m [2m---[0;39m [2m[           main][0;39m [36ms.d.s.w.s.ApiListingReferenceScanner    [0;39m [2m:[0;39m Scanning for api listing references
[2m2021-07-22 18:20:47.701[0;39m [32m INFO[0;39m [35m98818[0;39m [2m---[0;39m [2m[           main][0;39m [36mo.s.a.r.c.CachingConnectionFactory      [0;39m [2m:[0;39m Attempting to connect to: 127.0.0.1:5672
[2m2021-07-22 18:20:47.896[0;39m [32m INFO[0;39m [35m98818[0;39m [2m---[0;39m [2m[           main][0;39m [36mo.s.a.r.c.CachingConnectionFactory      [0;39m [2m:[0;39m Created new connection: connectionFactory#66522ead:0/SimpleConnection@4af70b83 [delegate=amqp://guest@127.0.0.1:5672/, localPort= 56577]
[2m2021-07-22 18:20:48.084[0;39m [32m INFO[0;39m [35m98818[0;39m [2m---[0;39m [2m[           main][0;39m [36ms.a.ScheduledAnnotationBeanPostProcessor[0;39m [2m:[0;39m No TaskScheduler/ScheduledExecutorService bean found for scheduled processing
[2m2021-07-22 18:20:48.099[0;39m [32m INFO[0;39m [35m98818[0;39m [2m---[0;39m [2m[           main][0;39m [36mcom.my.facade.MyApplication             [0;39m [2m:[0;39m Started MyApplication in 52.173 seconds (JVM running for 57.858)
[2m2021-07-22 18:22:16.818[0;39m [32m INFO[0;39m [35m98818[0;39m [2m---[0;39m [2m[nio-8082-exec-1][0;39m [36mo.a.c.c.C.[Tomcat].[localhost].[/]      [0;39m [2m:[0;39m Initializing Spring DispatcherServlet 'dispatcherServlet'
[2m2021-07-22 18:22:16.821[0;39m [32m INFO[0;39m [35m98818[0;39m [2m---[0;39m [2m[nio-8082-exec-1][0;39m [36mo.s.web.servlet.DispatcherServlet       [0;39m [2m:[0;39m Initializing Servlet 'dispatcherServlet'
[2m2021-07-22 18:22:16.832[0;39m [32m INFO[0;39m [35m98818[0;39m [2m---[0;39m [2m[nio-8082-exec-1][0;39m [36mo.s.web.servlet.DispatcherServlet       [0;39m [2m:[0;39m Completed initialization in 11 ms
[2m2021-07-22 18:22:17.158[0;39m [31mERROR[0;39m [35m98818[0;39m [2m---[0;39m [2m[nio-8082-exec-1][0;39m [36mo.a.c.c.C.[.[.[/].[dispatcherServlet]   [0;39m [2m:[0;39m Servlet.service() for servlet [dispatcherServlet] in context with path [] threw exception [Request processing failed; nested exception is java.lang.IllegalArgumentException: The Secret cannot be null] with root cause

java.lang.IllegalArgumentException: The Secret cannot be null
	at com.auth0.jwt.algorithms.HMACAlgorithm.getSecretBytes(HMACAlgorithm.java:38)
	at com.auth0.jwt.algorithms.HMACAlgorithm.<init>(HMACAlgorithm.java:32)
	at com.auth0.jwt.algorithms.Algorithm.HMAC512(Algorithm.java:165)
	at com.my.common.util.JWTUtils.createToken(JWTUtils.java:68)
	at com.my.facade.service.impl.UserServiceImpl.login(UserServiceImpl.java:100)
	at sun.reflect.NativeMethodAccessorImpl.invoke0(Native Method)
	at sun.reflect.NativeMethodAccessorImpl.invoke(NativeMethodAccessorImpl.java:62)
	at sun.reflect.DelegatingMethodAccessorImpl.invoke(DelegatingMethodAccessorImpl.java:43)
	at java.lang.reflect.Method.invoke(Method.java:498)
	at org.springframework.aop.support.AopUtils.invokeJoinpointUsingReflection(AopUtils.java:344)
	at org.springframework.aop.framework.JdkDynamicAopProxy.invoke(JdkDynamicAopProxy.java:208)
	at com.sun.proxy.$Proxy109.login(Unknown Source)
	at com.my.facade.controller.LoginController.login(LoginController.java:36)
	at sun.reflect.NativeMethodAccessorImpl.invoke0(Native Method)
	at sun.reflect.NativeMethodAccessorImpl.invoke(NativeMethodAccessorImpl.java:62)
	at sun.reflect.DelegatingMethodAccessorImpl.invoke(DelegatingMethodAccessorImpl.java:43)
	at java.lang.reflect.Method.invoke(Method.java:498)
	at org.springframework.web.method.support.InvocableHandlerMethod.doInvoke(InvocableHandlerMethod.java:197)
	at org.springframework.web.method.support.InvocableHandlerMethod.invokeForRequest(InvocableHandlerMethod.java:141)
	at org.springframework.web.servlet.mvc.method.annotation.ServletInvocableHandlerMethod.invokeAndHandle(ServletInvocableHandlerMethod.java:106)
	at org.springframework.web.servlet.mvc.method.annotation.RequestMappingHandlerAdapter.invokeHandlerMethod(RequestMappingHandlerAdapter.java:894)
	at org.springframework.web.servlet.mvc.method.annotation.RequestMappingHandlerAdapter.handleInternal(RequestMappingHandlerAdapter.java:808)
	at org.springframework.web.servlet.mvc.method.AbstractHandlerMethodAdapter.handle(AbstractHandlerMethodAdapter.java:87)
	at org.springframework.web.servlet.DispatcherServlet.doDispatch(DispatcherServlet.java:1063)
	at org.springframework.web.servlet.DispatcherServlet.doService(DispatcherServlet.java:963)
	at org.springframework.web.servlet.FrameworkServlet.processRequest(FrameworkServlet.java:1006)
	at org.springframework.web.servlet.FrameworkServlet.doGet(FrameworkServlet.java:898)
	at javax.servlet.http.HttpServlet.service(HttpServlet.java:626)
	at org.springframework.web.servlet.FrameworkServlet.service(FrameworkServlet.java:883)
	at javax.servlet.http.HttpServlet.service(HttpServlet.java:733)
	at org.apache.catalina.core.ApplicationFilterChain.internalDoFilter(ApplicationFilterChain.java:227)
	at org.apache.catalina.core.ApplicationFilterChain.doFilter(ApplicationFilterChain.java:162)
	at org.apache.tomcat.websocket.server.WsFilter.doFilter(WsFilter.java:53)
	at org.apache.catalina.core.ApplicationFilterChain.internalDoFilter(ApplicationFilterChain.java:189)
	at org.apache.catalina.core.ApplicationFilterChain.doFilter(ApplicationFilterChain.java:162)
	at org.springframework.web.filter.RequestContextFilter.doFilterInternal(RequestContextFilter.java:100)
	at org.springframework.web.filter.OncePerRequestFilter.doFilter(OncePerRequestFilter.java:119)
	at org.apache.catalina.core.ApplicationFilterChain.internalDoFilter(ApplicationFilterChain.java:189)
	at org.apache.catalina.core.ApplicationFilterChain.doFilter(ApplicationFilterChain.java:162)
	at org.springframework.web.filter.FormContentFilter.doFilterInternal(FormContentFilter.java:93)
	at org.springframework.web.filter.OncePerRequestFilter.doFilter(OncePerRequestFilter.java:119)
	at org.apache.catalina.core.ApplicationFilterChain.internalDoFilter(ApplicationFilterChain.java:189)
	at org.apache.catalina.core.ApplicationFilterChain.doFilter(ApplicationFilterChain.java:162)
	at org.springframework.session.web.http.SessionRepositoryFilter.doFilterInternal(SessionRepositoryFilter.java:142)
	at org.springframework.session.web.http.OncePerRequestFilter.doFilter(OncePerRequestFilter.java:82)
	at org.apache.catalina.core.ApplicationFilterChain.internalDoFilter(ApplicationFilterChain.java:189)
	at org.apache.catalina.core.ApplicationFilterChain.doFilter(ApplicationFilterChain.java:162)
	at org.springframework.web.filter.CharacterEncodingFilter.doFilterInternal(CharacterEncodingFilter.java:201)
	at org.springframework.web.filter.OncePerRequestFilter.doFilter(OncePerRequestFilter.java:119)
	at org.apache.catalina.core.ApplicationFilterChain.internalDoFilter(ApplicationFilterChain.java:189)
	at org.apache.catalina.core.ApplicationFilterChain.doFilter(ApplicationFilterChain.java:162)
	at org.apache.catalina.core.StandardWrapperValve.invoke(StandardWrapperValve.java:202)
	at org.apache.catalina.core.StandardContextValve.invoke(StandardContextValve.java:97)
	at org.apache.catalina.authenticator.AuthenticatorBase.invoke(AuthenticatorBase.java:542)
	at org.apache.catalina.core.StandardHostValve.invoke(StandardHostValve.java:143)
	at org.apache.catalina.valves.ErrorReportValve.invoke(ErrorReportValve.java:92)
	at org.apache.catalina.core.StandardEngineValve.invoke(StandardEngineValve.java:78)
	at org.apache.catalina.connector.CoyoteAdapter.service(CoyoteAdapter.java:357)
	at org.apache.coyote.http11.Http11Processor.service(Http11Processor.java:374)
	at org.apache.coyote.AbstractProcessorLight.process(AbstractProcessorLight.java:65)
	at org.apache.coyote.AbstractProtocol$ConnectionHandler.process(AbstractProtocol.java:893)
	at org.apache.tomcat.util.net.NioEndpoint$SocketProcessor.doRun(NioEndpoint.java:1707)
	at org.apache.tomcat.util.net.SocketProcessorBase.run(SocketProcessorBase.java:49)
	at java.util.concurrent.ThreadPoolExecutor.runWorker(ThreadPoolExecutor.java:1149)
	at java.util.concurrent.ThreadPoolExecutor$Worker.run(ThreadPoolExecutor.java:624)
	at org.apache.tomcat.util.threads.TaskThread$WrappingRunnable.run(TaskThread.java:61)
	at java.lang.Thread.run(Thread.java:748)

[2m2021-07-22 18:26:07.921[0;39m [32m INFO[0;39m [35m98818[0;39m [2m---[0;39m [2m[ionShutdownHook][0;39m [36mo.s.a.r.l.SimpleMessageListenerContainer[0;39m [2m:[0;39m Waiting for workers to finish.
[2m2021-07-22 18:26:08.151[0;39m [32m INFO[0;39m [35m98818[0;39m [2m---[0;39m [2m[ionShutdownHook][0;39m [36mo.s.a.r.l.SimpleMessageListenerContainer[0;39m [2m:[0;39m Successfully waited for workers to finish.
[2m2021-07-22 18:26:08.171[0;39m [32m INFO[0;39m [35m98818[0;39m [2m---[0;39m [2m[ionShutdownHook][0;39m [36mo.s.a.r.l.SimpleMessageListenerContainer[0;39m [2m:[0;39m Waiting for workers to finish.
[2m2021-07-22 18:26:09.147[0;39m [32m INFO[0;39m [35m98818[0;39m [2m---[0;39m [2m[ionShutdownHook][0;39m [36mo.s.a.r.l.SimpleMessageListenerContainer[0;39m [2m:[0;39m Successfully waited for workers to finish.
[2m2021-07-22 18:26:09.154[0;39m [32m INFO[0;39m [35m98818[0;39m [2m---[0;39m [2m[ionShutdownHook][0;39m [36mo.s.a.r.l.SimpleMessageListenerContainer[0;39m [2m:[0;39m Waiting for workers to finish.
[2m2021-07-22 18:26:09.170[0;39m [32m INFO[0;39m [35m98818[0;39m [2m---[0;39m [2m[ionShutdownHook][0;39m [36mo.s.a.r.l.SimpleMessageListenerContainer[0;39m [2m:[0;39m Successfully waited for workers to finish.
[2m2021-07-22 18:26:09.175[0;39m [32m INFO[0;39m [35m98818[0;39m [2m---[0;39m [2m[ionShutdownHook][0;39m [36mo.s.a.r.l.SimpleMessageListenerContainer[0;39m [2m:[0;39m Waiting for workers to finish.
[2m2021-07-22 18:26:10.147[0;39m [32m INFO[0;39m [35m98818[0;39m [2m---[0;39m [2m[ionShutdownHook][0;39m [36mo.s.a.r.l.SimpleMessageListenerContainer[0;39m [2m:[0;39m Successfully waited for workers to finish.
[2m2021-07-22 18:26:10.152[0;39m [32m INFO[0;39m [35m98818[0;39m [2m---[0;39m [2m[ionShutdownHook][0;39m [36mo.s.a.r.l.SimpleMessageListenerContainer[0;39m [2m:[0;39m Waiting for workers to finish.
[2m2021-07-22 18:26:10.190[0;39m [32m INFO[0;39m [35m98818[0;39m [2m---[0;39m [2m[ionShutdownHook][0;39m [36mo.s.a.r.l.SimpleMessageListenerContainer[0;39m [2m:[0;39m Successfully waited for workers to finish.
[2m2021-07-22 18:26:10.194[0;39m [32m INFO[0;39m [35m98818[0;39m [2m---[0;39m [2m[ionShutdownHook][0;39m [36mo.s.a.r.l.SimpleMessageListenerContainer[0;39m [2m:[0;39m Waiting for workers to finish.
[2m2021-07-22 18:26:10.217[0;39m [32m INFO[0;39m [35m98818[0;39m [2m---[0;39m [2m[ionShutdownHook][0;39m [36mo.s.a.r.l.SimpleMessageListenerContainer[0;39m [2m:[0;39m Successfully waited for workers to finish.
[2m2021-07-22 18:26:10.294[0;39m [32m INFO[0;39m [35m98818[0;39m [2m---[0;39m [2m[ionShutdownHook][0;39m [36mcom.alibaba.druid.pool.DruidDataSource  [0;39m [2m:[0;39m {dataSource-1} closing ...
[2m2021-07-22 18:26:10.311[0;39m [32m INFO[0;39m [35m98818[0;39m [2m---[0;39m [2m[ionShutdownHook][0;39m [36mcom.alibaba.druid.pool.DruidDataSource  [0;39m [2m:[0;39m {dataSource-1} closed
[2m2021-07-22 18:26:45.185[0;39m [33m WARN[0;39m [35m247[0;39m [2m---[0;39m [2m[           main][0;39m [36mo.s.boot.StartupInfoLogger              [0;39m [2m:[0;39m InetAddress.getLocalHost().getHostName() took 5007 milliseconds to respond. Please verify your network configuration (macOS machines may need to add entries to /etc/hosts).
[2m2021-07-22 18:26:50.206[0;39m [32m INFO[0;39m [35m247[0;39m [2m---[0;39m [2m[           main][0;39m [36mcom.my.facade.MyApplication             [0;39m [2m:[0;39m Starting MyApplication using Java 1.8.0_251 on caijihuis-MacBook-Pro.local with PID 247 (/Users/caijh/application/caijihui/java-project/my/my-app-facade/target/classes started by caijh in /Users/caijh/application/caijihui/java-project/my)
[2m2021-07-22 18:26:50.208[0;39m [32m INFO[0;39m [35m247[0;39m [2m---[0;39m [2m[           main][0;39m [36mcom.my.facade.MyApplication             [0;39m [2m:[0;39m No active profile set, falling back to default profiles: default
[2m2021-07-22 18:26:51.300[0;39m [32m INFO[0;39m [35m247[0;39m [2m---[0;39m [2m[           main][0;39m [36m.s.d.r.c.RepositoryConfigurationDelegate[0;39m [2m:[0;39m Multiple Spring Data modules found, entering strict repository configuration mode!
[2m2021-07-22 18:26:51.302[0;39m [32m INFO[0;39m [35m247[0;39m [2m---[0;39m [2m[           main][0;39m [36m.s.d.r.c.RepositoryConfigurationDelegate[0;39m [2m:[0;39m Bootstrapping Spring Data Redis repositories in DEFAULT mode.
[2m2021-07-22 18:26:51.334[0;39m [32m INFO[0;39m [35m247[0;39m [2m---[0;39m [2m[           main][0;39m [36m.s.d.r.c.RepositoryConfigurationDelegate[0;39m [2m:[0;39m Finished Spring Data repository scanning in 22 ms. Found 0 Redis repository interfaces.
[2m2021-07-22 18:26:51.792[0;39m [32m INFO[0;39m [35m247[0;39m [2m---[0;39m [2m[           main][0;39m [36mtrationDelegate$BeanPostProcessorChecker[0;39m [2m:[0;39m Bean 'redisConfig' of type [com.my.facade.config.RedisConfig$$EnhancerBySpringCGLIB$$6c1f8be5] is not eligible for getting processed by all BeanPostProcessors (for example: not eligible for auto-proxying)
[2m2021-07-22 18:26:52.230[0;39m [32m INFO[0;39m [35m247[0;39m [2m---[0;39m [2m[           main][0;39m [36mo.s.b.w.embedded.tomcat.TomcatWebServer [0;39m [2m:[0;39m Tomcat initialized with port(s): 8082 (http)
[2m2021-07-22 18:26:52.240[0;39m [32m INFO[0;39m [35m247[0;39m [2m---[0;39m [2m[           main][0;39m [36mo.apache.catalina.core.StandardService  [0;39m [2m:[0;39m Starting service [Tomcat]
[2m2021-07-22 18:26:52.241[0;39m [32m INFO[0;39m [35m247[0;39m [2m---[0;39m [2m[           main][0;39m [36morg.apache.catalina.core.StandardEngine [0;39m [2m:[0;39m Starting Servlet engine: [Apache Tomcat/9.0.46]
[2m2021-07-22 18:26:52.327[0;39m [32m INFO[0;39m [35m247[0;39m [2m---[0;39m [2m[           main][0;39m [36mo.a.c.c.C.[Tomcat].[localhost].[/]      [0;39m [2m:[0;39m Initializing Spring embedded WebApplicationContext
[2m2021-07-22 18:26:52.329[0;39m [32m INFO[0;39m [35m247[0;39m [2m---[0;39m [2m[           main][0;39m [36mw.s.c.ServletWebServerApplicationContext[0;39m [2m:[0;39m Root WebApplicationContext: initialization completed in 2002 ms
[2m2021-07-22 18:26:52.850[0;39m [32m INFO[0;39m [35m247[0;39m [2m---[0;39m [2m[           main][0;39m [36mc.a.d.s.b.a.DruidDataSourceAutoConfigure[0;39m [2m:[0;39m Init DruidDataSource
[2m2021-07-22 18:26:53.003[0;39m [32m INFO[0;39m [35m247[0;39m [2m---[0;39m [2m[           main][0;39m [36mcom.alibaba.druid.pool.DruidDataSource  [0;39m [2m:[0;39m {dataSource-1} inited
[2m2021-07-22 18:27:14.398[0;39m [32m INFO[0;39m [35m247[0;39m [2m---[0;39m [2m[           main][0;39m [36mcom.my.facade.config.ExecutorConfig     [0;39m [2m:[0;39m start asyncServiceExecutor
[2m2021-07-22 18:27:20.523[0;39m [32m INFO[0;39m [35m247[0;39m [2m---[0;39m [2m[           main][0;39m [36mo.s.b.w.embedded.tomcat.TomcatWebServer [0;39m [2m:[0;39m Tomcat started on port(s): 8082 (http) with context path ''
[2m2021-07-22 18:27:20.525[0;39m [32m INFO[0;39m [35m247[0;39m [2m---[0;39m [2m[           main][0;39m [36md.s.w.p.DocumentationPluginsBootstrapper[0;39m [2m:[0;39m Context refreshed
[2m2021-07-22 18:27:20.534[0;39m [32m INFO[0;39m [35m247[0;39m [2m---[0;39m [2m[           main][0;39m [36md.s.w.p.DocumentationPluginsBootstrapper[0;39m [2m:[0;39m Found 1 custom documentation plugin(s)
[2m2021-07-22 18:27:20.543[0;39m [32m INFO[0;39m [35m247[0;39m [2m---[0;39m [2m[           main][0;39m [36ms.d.s.w.s.ApiListingReferenceScanner    [0;39m [2m:[0;39m Scanning for api listing references
[2m2021-07-22 18:27:21.149[0;39m [32m INFO[0;39m [35m247[0;39m [2m---[0;39m [2m[           main][0;39m [36mo.s.a.r.c.CachingConnectionFactory      [0;39m [2m:[0;39m Attempting to connect to: 127.0.0.1:5672
[2m2021-07-22 18:27:21.215[0;39m [32m INFO[0;39m [35m247[0;39m [2m---[0;39m [2m[           main][0;39m [36mo.s.a.r.c.CachingConnectionFactory      [0;39m [2m:[0;39m Created new connection: connectionFactory#472c9f88:0/SimpleConnection@49c4118b [delegate=amqp://guest@127.0.0.1:5672/, localPort= 56904]
[2m2021-07-22 18:27:21.364[0;39m [32m INFO[0;39m [35m247[0;39m [2m---[0;39m [2m[           main][0;39m [36ms.a.ScheduledAnnotationBeanPostProcessor[0;39m [2m:[0;39m No TaskScheduler/ScheduledExecutorService bean found for scheduled processing
[2m2021-07-22 18:27:21.381[0;39m [32m INFO[0;39m [35m247[0;39m [2m---[0;39m [2m[           main][0;39m [36mcom.my.facade.MyApplication             [0;39m [2m:[0;39m Started MyApplication in 51.821 seconds (JVM running for 60.981)
[2m2021-07-22 18:27:48.076[0;39m [32m INFO[0;39m [35m247[0;39m [2m---[0;39m [2m[nio-8082-exec-1][0;39m [36mo.a.c.c.C.[Tomcat].[localhost].[/]      [0;39m [2m:[0;39m Initializing Spring DispatcherServlet 'dispatcherServlet'
[2m2021-07-22 18:27:48.077[0;39m [32m INFO[0;39m [35m247[0;39m [2m---[0;39m [2m[nio-8082-exec-1][0;39m [36mo.s.web.servlet.DispatcherServlet       [0;39m [2m:[0;39m Initializing Servlet 'dispatcherServlet'
[2m2021-07-22 18:27:48.083[0;39m [32m INFO[0;39m [35m247[0;39m [2m---[0;39m [2m[nio-8082-exec-1][0;39m [36mo.s.web.servlet.DispatcherServlet       [0;39m [2m:[0;39m Completed initialization in 5 ms
[2m2021-07-22 19:56:15.590[0;39m [32m INFO[0;39m [35m247[0;39m [2m---[0;39m [2m[ionShutdownHook][0;39m [36mo.s.a.r.l.SimpleMessageListenerContainer[0;39m [2m:[0;39m Waiting for workers to finish.
[2m2021-07-22 19:56:15.636[0;39m [32m INFO[0;39m [35m247[0;39m [2m---[0;39m [2m[ionShutdownHook][0;39m [36mo.s.a.r.l.SimpleMessageListenerContainer[0;39m [2m:[0;39m Successfully waited for workers to finish.
[2m2021-07-22 19:56:15.663[0;39m [32m INFO[0;39m [35m247[0;39m [2m---[0;39m [2m[ionShutdownHook][0;39m [36mo.s.a.r.l.SimpleMessageListenerContainer[0;39m [2m:[0;39m Waiting for workers to finish.
[2m2021-07-22 19:56:16.519[0;39m [32m INFO[0;39m [35m247[0;39m [2m---[0;39m [2m[ionShutdownHook][0;39m [36mo.s.a.r.l.SimpleMessageListenerContainer[0;39m [2m:[0;39m Successfully waited for workers to finish.
[2m2021-07-22 19:56:16.533[0;39m [32m INFO[0;39m [35m247[0;39m [2m---[0;39m [2m[ionShutdownHook][0;39m [36mo.s.a.r.l.SimpleMessageListenerContainer[0;39m [2m:[0;39m Waiting for workers to finish.
[2m2021-07-22 19:56:16.697[0;39m [32m INFO[0;39m [35m247[0;39m [2m---[0;39m [2m[ionShutdownHook][0;39m [36mo.s.a.r.l.SimpleMessageListenerContainer[0;39m [2m:[0;39m Successfully waited for workers to finish.
[2m2021-07-22 19:56:16.709[0;39m [32m INFO[0;39m [35m247[0;39m [2m---[0;39m [2m[ionShutdownHook][0;39m [36mo.s.a.r.l.SimpleMessageListenerContainer[0;39m [2m:[0;39m Waiting for workers to finish.
[2m2021-07-22 19:56:17.453[0;39m [32m INFO[0;39m [35m247[0;39m [2m---[0;39m [2m[ionShutdownHook][0;39m [36mo.s.a.r.l.SimpleMessageListenerContainer[0;39m [2m:[0;39m Successfully waited for workers to finish.
[2m2021-07-22 19:56:17.463[0;39m [32m INFO[0;39m [35m247[0;39m [2m---[0;39m [2m[ionShutdownHook][0;39m [36mo.s.a.r.l.SimpleMessageListenerContainer[0;39m [2m:[0;39m Waiting for workers to finish.
[2m2021-07-22 19:56:17.622[0;39m [32m INFO[0;39m [35m247[0;39m [2m---[0;39m [2m[ionShutdownHook][0;39m [36mo.s.a.r.l.SimpleMessageListenerContainer[0;39m [2m:[0;39m Successfully waited for workers to finish.
[2m2021-07-22 19:56:17.632[0;39m [32m INFO[0;39m [35m247[0;39m [2m---[0;39m [2m[ionShutdownHook][0;39m [36mo.s.a.r.l.SimpleMessageListenerContainer[0;39m [2m:[0;39m Waiting for workers to finish.
[2m2021-07-22 19:56:17.635[0;39m [32m INFO[0;39m [35m247[0;39m [2m---[0;39m [2m[ionShutdownHook][0;39m [36mo.s.a.r.l.SimpleMessageListenerContainer[0;39m [2m:[0;39m Successfully waited for workers to finish.
[2m2021-07-22 19:56:17.761[0;39m [32m INFO[0;39m [35m247[0;39m [2m---[0;39m [2m[ionShutdownHook][0;39m [36mcom.alibaba.druid.pool.DruidDataSource  [0;39m [2m:[0;39m {dataSource-1} closing ...
[2m2021-07-22 19:56:17.782[0;39m [32m INFO[0;39m [35m247[0;39m [2m---[0;39m [2m[ionShutdownHook][0;39m [36mcom.alibaba.druid.pool.DruidDataSource  [0;39m [2m:[0;39m {dataSource-1} closed
[2m2021-07-22 19:56:45.282[0;39m [33m WARN[0;39m [35m8541[0;39m [2m---[0;39m [2m[           main][0;39m [36mo.s.boot.StartupInfoLogger              [0;39m [2m:[0;39m InetAddress.getLocalHost().getHostName() took 5006 milliseconds to respond. Please verify your network configuration (macOS machines may need to add entries to /etc/hosts).
[2m2021-07-22 19:56:50.310[0;39m [32m INFO[0;39m [35m8541[0;39m [2m---[0;39m [2m[           main][0;39m [36mcom.my.facade.MyApplication             [0;39m [2m:[0;39m Starting MyApplication using Java 1.8.0_251 on caijihuis-MacBook-Pro.local with PID 8541 (/Users/caijh/application/caijihui/java-project/my/my-app-facade/target/classes started by caijh in /Users/caijh/application/caijihui/java-project/my)
[2m2021-07-22 19:56:50.311[0;39m [32m INFO[0;39m [35m8541[0;39m [2m---[0;39m [2m[           main][0;39m [36mcom.my.facade.MyApplication             [0;39m [2m:[0;39m No active profile set, falling back to default profiles: default
[2m2021-07-22 19:56:51.535[0;39m [32m INFO[0;39m [35m8541[0;39m [2m---[0;39m [2m[           main][0;39m [36m.s.d.r.c.RepositoryConfigurationDelegate[0;39m [2m:[0;39m Multiple Spring Data modules found, entering strict repository configuration mode!
[2m2021-07-22 19:56:51.538[0;39m [32m INFO[0;39m [35m8541[0;39m [2m---[0;39m [2m[           main][0;39m [36m.s.d.r.c.RepositoryConfigurationDelegate[0;39m [2m:[0;39m Bootstrapping Spring Data Redis repositories in DEFAULT mode.
[2m2021-07-22 19:56:51.571[0;39m [32m INFO[0;39m [35m8541[0;39m [2m---[0;39m [2m[           main][0;39m [36m.s.d.r.c.RepositoryConfigurationDelegate[0;39m [2m:[0;39m Finished Spring Data repository scanning in 23 ms. Found 0 Redis repository interfaces.
[2m2021-07-22 19:56:52.069[0;39m [32m INFO[0;39m [35m8541[0;39m [2m---[0;39m [2m[           main][0;39m [36mtrationDelegate$BeanPostProcessorChecker[0;39m [2m:[0;39m Bean 'redisConfig' of type [com.my.facade.config.RedisConfig$$EnhancerBySpringCGLIB$$4768320] is not eligible for getting processed by all BeanPostProcessors (for example: not eligible for auto-proxying)
[2m2021-07-22 19:56:52.507[0;39m [32m INFO[0;39m [35m8541[0;39m [2m---[0;39m [2m[           main][0;39m [36mo.s.b.w.embedded.tomcat.TomcatWebServer [0;39m [2m:[0;39m Tomcat initialized with port(s): 8082 (http)
[2m2021-07-22 19:56:52.514[0;39m [32m INFO[0;39m [35m8541[0;39m [2m---[0;39m [2m[           main][0;39m [36mo.apache.catalina.core.StandardService  [0;39m [2m:[0;39m Starting service [Tomcat]
[2m2021-07-22 19:56:52.514[0;39m [32m INFO[0;39m [35m8541[0;39m [2m---[0;39m [2m[           main][0;39m [36morg.apache.catalina.core.StandardEngine [0;39m [2m:[0;39m Starting Servlet engine: [Apache Tomcat/9.0.46]
[2m2021-07-22 19:56:52.580[0;39m [32m INFO[0;39m [35m8541[0;39m [2m---[0;39m [2m[           main][0;39m [36mo.a.c.c.C.[Tomcat].[localhost].[/]      [0;39m [2m:[0;39m Initializing Spring embedded WebApplicationContext
[2m2021-07-22 19:56:52.581[0;39m [32m INFO[0;39m [35m8541[0;39m [2m---[0;39m [2m[           main][0;39m [36mw.s.c.ServletWebServerApplicationContext[0;39m [2m:[0;39m Root WebApplicationContext: initialization completed in 2163 ms
[2m2021-07-22 19:56:53.007[0;39m [32m INFO[0;39m [35m8541[0;39m [2m---[0;39m [2m[           main][0;39m [36mc.a.d.s.b.a.DruidDataSourceAutoConfigure[0;39m [2m:[0;39m Init DruidDataSource
[2m2021-07-22 19:56:53.194[0;39m [32m INFO[0;39m [35m8541[0;39m [2m---[0;39m [2m[           main][0;39m [36mcom.alibaba.druid.pool.DruidDataSource  [0;39m [2m:[0;39m {dataSource-1} inited
[2m2021-07-22 19:57:14.600[0;39m [32m INFO[0;39m [35m8541[0;39m [2m---[0;39m [2m[           main][0;39m [36mcom.my.facade.config.ExecutorConfig     [0;39m [2m:[0;39m start asyncServiceExecutor
[2m2021-07-22 19:57:20.715[0;39m [32m INFO[0;39m [35m8541[0;39m [2m---[0;39m [2m[           main][0;39m [36mo.s.b.w.embedded.tomcat.TomcatWebServer [0;39m [2m:[0;39m Tomcat started on port(s): 8082 (http) with context path ''
[2m2021-07-22 19:57:20.718[0;39m [32m INFO[0;39m [35m8541[0;39m [2m---[0;39m [2m[           main][0;39m [36md.s.w.p.DocumentationPluginsBootstrapper[0;39m [2m:[0;39m Context refreshed
[2m2021-07-22 19:57:20.727[0;39m [32m INFO[0;39m [35m8541[0;39m [2m---[0;39m [2m[           main][0;39m [36md.s.w.p.DocumentationPluginsBootstrapper[0;39m [2m:[0;39m Found 1 custom documentation plugin(s)
[2m2021-07-22 19:57:20.735[0;39m [32m INFO[0;39m [35m8541[0;39m [2m---[0;39m [2m[           main][0;39m [36ms.d.s.w.s.ApiListingReferenceScanner    [0;39m [2m:[0;39m Scanning for api listing references
[2m2021-07-22 19:57:21.337[0;39m [32m INFO[0;39m [35m8541[0;39m [2m---[0;39m [2m[           main][0;39m [36mo.s.a.r.c.CachingConnectionFactory      [0;39m [2m:[0;39m Attempting to connect to: 127.0.0.1:5672
[2m2021-07-22 19:57:21.442[0;39m [32m INFO[0;39m [35m8541[0;39m [2m---[0;39m [2m[           main][0;39m [36mo.s.a.r.c.CachingConnectionFactory      [0;39m [2m:[0;39m Created new connection: connectionFactory#6411504a:0/SimpleConnection@3c6bd624 [delegate=amqp://guest@127.0.0.1:5672/, localPort= 58514]
[2m2021-07-22 19:57:21.604[0;39m [32m INFO[0;39m [35m8541[0;39m [2m---[0;39m [2m[           main][0;39m [36ms.a.ScheduledAnnotationBeanPostProcessor[0;39m [2m:[0;39m No TaskScheduler/ScheduledExecutorService bean found for scheduled processing
[2m2021-07-22 19:57:21.619[0;39m [32m INFO[0;39m [35m8541[0;39m [2m---[0;39m [2m[           main][0;39m [36mcom.my.facade.MyApplication             [0;39m [2m:[0;39m Started MyApplication in 51.913 seconds (JVM running for 57.6)
[2m2021-07-22 19:57:27.702[0;39m [32m INFO[0;39m [35m8541[0;39m [2m---[0;39m [2m[nio-8082-exec-1][0;39m [36mo.a.c.c.C.[Tomcat].[localhost].[/]      [0;39m [2m:[0;39m Initializing Spring DispatcherServlet 'dispatcherServlet'
[2m2021-07-22 19:57:27.703[0;39m [32m INFO[0;39m [35m8541[0;39m [2m---[0;39m [2m[nio-8082-exec-1][0;39m [36mo.s.web.servlet.DispatcherServlet       [0;39m [2m:[0;39m Initializing Servlet 'dispatcherServlet'
[2m2021-07-22 19:57:27.706[0;39m [32m INFO[0;39m [35m8541[0;39m [2m---[0;39m [2m[nio-8082-exec-1][0;39m [36mo.s.web.servlet.DispatcherServlet       [0;39m [2m:[0;39m Completed initialization in 3 ms
[2m2021-07-22 20:02:28.972[0;39m [32m INFO[0;39m [35m8541[0;39m [2m---[0;39m [2m[ionShutdownHook][0;39m [36mo.s.a.r.l.SimpleMessageListenerContainer[0;39m [2m:[0;39m Waiting for workers to finish.
[2m2021-07-22 20:02:29.658[0;39m [32m INFO[0;39m [35m8541[0;39m [2m---[0;39m [2m[ionShutdownHook][0;39m [36mo.s.a.r.l.SimpleMessageListenerContainer[0;39m [2m:[0;39m Successfully waited for workers to finish.
[2m2021-07-22 20:02:29.664[0;39m [32m INFO[0;39m [35m8541[0;39m [2m---[0;39m [2m[ionShutdownHook][0;39m [36mo.s.a.r.l.SimpleMessageListenerContainer[0;39m [2m:[0;39m Waiting for workers to finish.
[2m2021-07-22 20:02:29.673[0;39m [32m INFO[0;39m [35m8541[0;39m [2m---[0;39m [2m[ionShutdownHook][0;39m [36mo.s.a.r.l.SimpleMessageListenerContainer[0;39m [2m:[0;39m Successfully waited for workers to finish.
[2m2021-07-22 20:02:29.679[0;39m [32m INFO[0;39m [35m8541[0;39m [2m---[0;39m [2m[ionShutdownHook][0;39m [36mo.s.a.r.l.SimpleMessageListenerContainer[0;39m [2m:[0;39m Waiting for workers to finish.
[2m2021-07-22 20:02:30.663[0;39m [32m INFO[0;39m [35m8541[0;39m [2m---[0;39m [2m[ionShutdownHook][0;39m [36mo.s.a.r.l.SimpleMessageListenerContainer[0;39m [2m:[0;39m Successfully waited for workers to finish.
[2m2021-07-22 20:02:30.676[0;39m [32m INFO[0;39m [35m8541[0;39m [2m---[0;39m [2m[ionShutdownHook][0;39m [36mo.s.a.r.l.SimpleMessageListenerContainer[0;39m [2m:[0;39m Waiting for workers to finish.
[2m2021-07-22 20:02:31.663[0;39m [32m INFO[0;39m [35m8541[0;39m [2m---[0;39m [2m[ionShutdownHook][0;39m [36mo.s.a.r.l.SimpleMessageListenerContainer[0;39m [2m:[0;39m Successfully waited for workers to finish.
[2m2021-07-22 20:02:31.670[0;39m [32m INFO[0;39m [35m8541[0;39m [2m---[0;39m [2m[ionShutdownHook][0;39m [36mo.s.a.r.l.SimpleMessageListenerContainer[0;39m [2m:[0;39m Waiting for workers to finish.
[2m2021-07-22 20:02:31.678[0;39m [32m INFO[0;39m [35m8541[0;39m [2m---[0;39m [2m[ionShutdownHook][0;39m [36mo.s.a.r.l.SimpleMessageListenerContainer[0;39m [2m:[0;39m Successfully waited for workers to finish.
[2m2021-07-22 20:02:31.684[0;39m [32m INFO[0;39m [35m8541[0;39m [2m---[0;39m [2m[ionShutdownHook][0;39m [36mo.s.a.r.l.SimpleMessageListenerContainer[0;39m [2m:[0;39m Waiting for workers to finish.
[2m2021-07-22 20:02:32.685[0;39m [32m INFO[0;39m [35m8541[0;39m [2m---[0;39m [2m[ionShutdownHook][0;39m [36mo.s.a.r.l.SimpleMessageListenerContainer[0;39m [2m:[0;39m Successfully waited for workers to finish.
[2m2021-07-22 20:02:32.786[0;39m [32m INFO[0;39m [35m8541[0;39m [2m---[0;39m [2m[ionShutdownHook][0;39m [36mcom.alibaba.druid.pool.DruidDataSource  [0;39m [2m:[0;39m {dataSource-1} closing ...
[2m2021-07-22 20:02:32.810[0;39m [32m INFO[0;39m [35m8541[0;39m [2m---[0;39m [2m[ionShutdownHook][0;39m [36mcom.alibaba.druid.pool.DruidDataSource  [0;39m [2m:[0;39m {dataSource-1} closed
[2m2021-07-22 20:03:02.728[0;39m [33m WARN[0;39m [35m9733[0;39m [2m---[0;39m [2m[           main][0;39m [36mo.s.boot.StartupInfoLogger              [0;39m [2m:[0;39m InetAddress.getLocalHost().getHostName() took 5004 milliseconds to respond. Please verify your network configuration (macOS machines may need to add entries to /etc/hosts).
[2m2021-07-22 20:03:07.751[0;39m [32m INFO[0;39m [35m9733[0;39m [2m---[0;39m [2m[           main][0;39m [36mcom.my.facade.MyApplication             [0;39m [2m:[0;39m Starting MyApplication using Java 1.8.0_251 on caijihuis-MacBook-Pro.local with PID 9733 (/Users/caijh/application/caijihui/java-project/my/my-app-facade/target/classes started by caijh in /Users/caijh/application/caijihui/java-project/my)
[2m2021-07-22 20:03:07.754[0;39m [32m INFO[0;39m [35m9733[0;39m [2m---[0;39m [2m[           main][0;39m [36mcom.my.facade.MyApplication             [0;39m [2m:[0;39m No active profile set, falling back to default profiles: default
[2m2021-07-22 20:03:08.875[0;39m [32m INFO[0;39m [35m9733[0;39m [2m---[0;39m [2m[           main][0;39m [36m.s.d.r.c.RepositoryConfigurationDelegate[0;39m [2m:[0;39m Multiple Spring Data modules found, entering strict repository configuration mode!
[2m2021-07-22 20:03:08.877[0;39m [32m INFO[0;39m [35m9733[0;39m [2m---[0;39m [2m[           main][0;39m [36m.s.d.r.c.RepositoryConfigurationDelegate[0;39m [2m:[0;39m Bootstrapping Spring Data Redis repositories in DEFAULT mode.
[2m2021-07-22 20:03:08.906[0;39m [32m INFO[0;39m [35m9733[0;39m [2m---[0;39m [2m[           main][0;39m [36m.s.d.r.c.RepositoryConfigurationDelegate[0;39m [2m:[0;39m Finished Spring Data repository scanning in 20 ms. Found 0 Redis repository interfaces.
[2m2021-07-22 20:03:09.397[0;39m [32m INFO[0;39m [35m9733[0;39m [2m---[0;39m [2m[           main][0;39m [36mtrationDelegate$BeanPostProcessorChecker[0;39m [2m:[0;39m Bean 'redisConfig' of type [com.my.facade.config.RedisConfig$$EnhancerBySpringCGLIB$$98a2b460] is not eligible for getting processed by all BeanPostProcessors (for example: not eligible for auto-proxying)
[2m2021-07-22 20:03:09.800[0;39m [32m INFO[0;39m [35m9733[0;39m [2m---[0;39m [2m[           main][0;39m [36mo.s.b.w.embedded.tomcat.TomcatWebServer [0;39m [2m:[0;39m Tomcat initialized with port(s): 8082 (http)
[2m2021-07-22 20:03:09.808[0;39m [32m INFO[0;39m [35m9733[0;39m [2m---[0;39m [2m[           main][0;39m [36mo.apache.catalina.core.StandardService  [0;39m [2m:[0;39m Starting service [Tomcat]
[2m2021-07-22 20:03:09.809[0;39m [32m INFO[0;39m [35m9733[0;39m [2m---[0;39m [2m[           main][0;39m [36morg.apache.catalina.core.StandardEngine [0;39m [2m:[0;39m Starting Servlet engine: [Apache Tomcat/9.0.46]
[2m2021-07-22 20:03:09.874[0;39m [32m INFO[0;39m [35m9733[0;39m [2m---[0;39m [2m[           main][0;39m [36mo.a.c.c.C.[Tomcat].[localhost].[/]      [0;39m [2m:[0;39m Initializing Spring embedded WebApplicationContext
[2m2021-07-22 20:03:09.875[0;39m [32m INFO[0;39m [35m9733[0;39m [2m---[0;39m [2m[           main][0;39m [36mw.s.c.ServletWebServerApplicationContext[0;39m [2m:[0;39m Root WebApplicationContext: initialization completed in 1976 ms
[2m2021-07-22 20:03:10.364[0;39m [32m INFO[0;39m [35m9733[0;39m [2m---[0;39m [2m[           main][0;39m [36mc.a.d.s.b.a.DruidDataSourceAutoConfigure[0;39m [2m:[0;39m Init DruidDataSource
[2m2021-07-22 20:03:10.526[0;39m [32m INFO[0;39m [35m9733[0;39m [2m---[0;39m [2m[           main][0;39m [36mcom.alibaba.druid.pool.DruidDataSource  [0;39m [2m:[0;39m {dataSource-1} inited
[2m2021-07-22 20:03:31.963[0;39m [32m INFO[0;39m [35m9733[0;39m [2m---[0;39m [2m[           main][0;39m [36mcom.my.facade.config.ExecutorConfig     [0;39m [2m:[0;39m start asyncServiceExecutor
[2m2021-07-22 20:03:38.141[0;39m [32m INFO[0;39m [35m9733[0;39m [2m---[0;39m [2m[           main][0;39m [36mo.s.b.w.embedded.tomcat.TomcatWebServer [0;39m [2m:[0;39m Tomcat started on port(s): 8082 (http) with context path ''
[2m2021-07-22 20:03:38.144[0;39m [32m INFO[0;39m [35m9733[0;39m [2m---[0;39m [2m[           main][0;39m [36md.s.w.p.DocumentationPluginsBootstrapper[0;39m [2m:[0;39m Context refreshed
[2m2021-07-22 20:03:38.153[0;39m [32m INFO[0;39m [35m9733[0;39m [2m---[0;39m [2m[           main][0;39m [36md.s.w.p.DocumentationPluginsBootstrapper[0;39m [2m:[0;39m Found 1 custom documentation plugin(s)
[2m2021-07-22 20:03:38.163[0;39m [32m INFO[0;39m [35m9733[0;39m [2m---[0;39m [2m[           main][0;39m [36ms.d.s.w.s.ApiListingReferenceScanner    [0;39m [2m:[0;39m Scanning for api listing references
[2m2021-07-22 20:03:38.769[0;39m [32m INFO[0;39m [35m9733[0;39m [2m---[0;39m [2m[           main][0;39m [36mo.s.a.r.c.CachingConnectionFactory      [0;39m [2m:[0;39m Attempting to connect to: 127.0.0.1:5672
[2m2021-07-22 20:03:38.840[0;39m [32m INFO[0;39m [35m9733[0;39m [2m---[0;39m [2m[           main][0;39m [36mo.s.a.r.c.CachingConnectionFactory      [0;39m [2m:[0;39m Created new connection: connectionFactory#472c9f88:0/SimpleConnection@5dc120ab [delegate=amqp://guest@127.0.0.1:5672/, localPort= 58683]
[2m2021-07-22 20:03:38.985[0;39m [32m INFO[0;39m [35m9733[0;39m [2m---[0;39m [2m[           main][0;39m [36ms.a.ScheduledAnnotationBeanPostProcessor[0;39m [2m:[0;39m No TaskScheduler/ScheduledExecutorService bean found for scheduled processing
[2m2021-07-22 20:03:39.010[0;39m [32m INFO[0;39m [35m9733[0;39m [2m---[0;39m [2m[           main][0;39m [36mcom.my.facade.MyApplication             [0;39m [2m:[0;39m Started MyApplication in 51.904 seconds (JVM running for 58.005)
[2m2021-07-22 20:03:42.908[0;39m [32m INFO[0;39m [35m9733[0;39m [2m---[0;39m [2m[nio-8082-exec-1][0;39m [36mo.a.c.c.C.[Tomcat].[localhost].[/]      [0;39m [2m:[0;39m Initializing Spring DispatcherServlet 'dispatcherServlet'
[2m2021-07-22 20:03:42.909[0;39m [32m INFO[0;39m [35m9733[0;39m [2m---[0;39m [2m[nio-8082-exec-1][0;39m [36mo.s.web.servlet.DispatcherServlet       [0;39m [2m:[0;39m Initializing Servlet 'dispatcherServlet'
[2m2021-07-22 20:03:42.913[0;39m [32m INFO[0;39m [35m9733[0;39m [2m---[0;39m [2m[nio-8082-exec-1][0;39m [36mo.s.web.servlet.DispatcherServlet       [0;39m [2m:[0;39m Completed initialization in 3 ms
[2m2021-07-22 20:04:52.943[0;39m [32m INFO[0;39m [35m9733[0;39m [2m---[0;39m [2m[ionShutdownHook][0;39m [36mo.s.a.r.l.SimpleMessageListenerContainer[0;39m [2m:[0;39m Waiting for workers to finish.
[2m2021-07-22 20:04:53.839[0;39m [32m INFO[0;39m [35m9733[0;39m [2m---[0;39m [2m[ionShutdownHook][0;39m [36mo.s.a.r.l.SimpleMessageListenerContainer[0;39m [2m:[0;39m Successfully waited for workers to finish.
[2m2021-07-22 20:04:53.845[0;39m [32m INFO[0;39m [35m9733[0;39m [2m---[0;39m [2m[ionShutdownHook][0;39m [36mo.s.a.r.l.SimpleMessageListenerContainer[0;39m [2m:[0;39m Waiting for workers to finish.
[2m2021-07-22 20:04:54.836[0;39m [32m INFO[0;39m [35m9733[0;39m [2m---[0;39m [2m[ionShutdownHook][0;39m [36mo.s.a.r.l.SimpleMessageListenerContainer[0;39m [2m:[0;39m Successfully waited for workers to finish.
[2m2021-07-22 20:04:54.846[0;39m [32m INFO[0;39m [35m9733[0;39m [2m---[0;39m [2m[ionShutdownHook][0;39m [36mo.s.a.r.l.SimpleMessageListenerContainer[0;39m [2m:[0;39m Waiting for workers to finish.
[2m2021-07-22 20:04:55.836[0;39m [32m INFO[0;39m [35m9733[0;39m [2m---[0;39m [2m[ionShutdownHook][0;39m [36mo.s.a.r.l.SimpleMessageListenerContainer[0;39m [2m:[0;39m Successfully waited for workers to finish.
[2m2021-07-22 20:04:55.841[0;39m [32m INFO[0;39m [35m9733[0;39m [2m---[0;39m [2m[ionShutdownHook][0;39m [36mo.s.a.r.l.SimpleMessageListenerContainer[0;39m [2m:[0;39m Waiting for workers to finish.
[2m2021-07-22 20:04:56.839[0;39m [32m INFO[0;39m [35m9733[0;39m [2m---[0;39m [2m[ionShutdownHook][0;39m [36mo.s.a.r.l.SimpleMessageListenerContainer[0;39m [2m:[0;39m Successfully waited for workers to finish.
[2m2021-07-22 20:04:56.843[0;39m [32m INFO[0;39m [35m9733[0;39m [2m---[0;39m [2m[ionShutdownHook][0;39m [36mo.s.a.r.l.SimpleMessageListenerContainer[0;39m [2m:[0;39m Waiting for workers to finish.
[2m2021-07-22 20:04:57.836[0;39m [32m INFO[0;39m [35m9733[0;39m [2m---[0;39m [2m[ionShutdownHook][0;39m [36mo.s.a.r.l.SimpleMessageListenerContainer[0;39m [2m:[0;39m Successfully waited for workers to finish.
[2m2021-07-22 20:04:57.847[0;39m [32m INFO[0;39m [35m9733[0;39m [2m---[0;39m [2m[ionShutdownHook][0;39m [36mo.s.a.r.l.SimpleMessageListenerContainer[0;39m [2m:[0;39m Waiting for workers to finish.
[2m2021-07-22 20:04:57.847[0;39m [32m INFO[0;39m [35m9733[0;39m [2m---[0;39m [2m[ionShutdownHook][0;39m [36mo.s.a.r.l.SimpleMessageListenerContainer[0;39m [2m:[0;39m Successfully waited for workers to finish.
[2m2021-07-22 20:04:57.909[0;39m [32m INFO[0;39m [35m9733[0;39m [2m---[0;39m [2m[ionShutdownHook][0;39m [36mcom.alibaba.druid.pool.DruidDataSource  [0;39m [2m:[0;39m {dataSource-1} closing ...
[2m2021-07-22 20:04:57.926[0;39m [32m INFO[0;39m [35m9733[0;39m [2m---[0;39m [2m[ionShutdownHook][0;39m [36mcom.alibaba.druid.pool.DruidDataSource  [0;39m [2m:[0;39m {dataSource-1} closed
[2m2021-07-22 20:05:53.387[0;39m [33m WARN[0;39m [35m10265[0;39m [2m---[0;39m [2m[           main][0;39m [36mo.s.boot.StartupInfoLogger              [0;39m [2m:[0;39m InetAddress.getLocalHost().getHostName() took 5007 milliseconds to respond. Please verify your network configuration (macOS machines may need to add entries to /etc/hosts).
[2m2021-07-22 20:05:58.409[0;39m [32m INFO[0;39m [35m10265[0;39m [2m---[0;39m [2m[           main][0;39m [36mcom.my.facade.MyApplication             [0;39m [2m:[0;39m Starting MyApplication using Java 1.8.0_251 on caijihuis-MacBook-Pro.local with PID 10265 (/Users/caijh/application/caijihui/java-project/my/my-app-facade/target/classes started by caijh in /Users/caijh/application/caijihui/java-project/my)
[2m2021-07-22 20:05:58.413[0;39m [32m INFO[0;39m [35m10265[0;39m [2m---[0;39m [2m[           main][0;39m [36mcom.my.facade.MyApplication             [0;39m [2m:[0;39m No active profile set, falling back to default profiles: default
[2m2021-07-22 20:05:59.544[0;39m [32m INFO[0;39m [35m10265[0;39m [2m---[0;39m [2m[           main][0;39m [36m.s.d.r.c.RepositoryConfigurationDelegate[0;39m [2m:[0;39m Multiple Spring Data modules found, entering strict repository configuration mode!
[2m2021-07-22 20:05:59.546[0;39m [32m INFO[0;39m [35m10265[0;39m [2m---[0;39m [2m[           main][0;39m [36m.s.d.r.c.RepositoryConfigurationDelegate[0;39m [2m:[0;39m Bootstrapping Spring Data Redis repositories in DEFAULT mode.
[2m2021-07-22 20:05:59.573[0;39m [32m INFO[0;39m [35m10265[0;39m [2m---[0;39m [2m[           main][0;39m [36m.s.d.r.c.RepositoryConfigurationDelegate[0;39m [2m:[0;39m Finished Spring Data repository scanning in 17 ms. Found 0 Redis repository interfaces.
[2m2021-07-22 20:06:00.053[0;39m [32m INFO[0;39m [35m10265[0;39m [2m---[0;39m [2m[           main][0;39m [36mtrationDelegate$BeanPostProcessorChecker[0;39m [2m:[0;39m Bean 'redisConfig' of type [com.my.facade.config.RedisConfig$$EnhancerBySpringCGLIB$$6c1f8be5] is not eligible for getting processed by all BeanPostProcessors (for example: not eligible for auto-proxying)
[2m2021-07-22 20:06:00.435[0;39m [32m INFO[0;39m [35m10265[0;39m [2m---[0;39m [2m[           main][0;39m [36mo.s.b.w.embedded.tomcat.TomcatWebServer [0;39m [2m:[0;39m Tomcat initialized with port(s): 8082 (http)
[2m2021-07-22 20:06:00.442[0;39m [32m INFO[0;39m [35m10265[0;39m [2m---[0;39m [2m[           main][0;39m [36mo.apache.catalina.core.StandardService  [0;39m [2m:[0;39m Starting service [Tomcat]
[2m2021-07-22 20:06:00.442[0;39m [32m INFO[0;39m [35m10265[0;39m [2m---[0;39m [2m[           main][0;39m [36morg.apache.catalina.core.StandardEngine [0;39m [2m:[0;39m Starting Servlet engine: [Apache Tomcat/9.0.46]
[2m2021-07-22 20:06:00.505[0;39m [32m INFO[0;39m [35m10265[0;39m [2m---[0;39m [2m[           main][0;39m [36mo.a.c.c.C.[Tomcat].[localhost].[/]      [0;39m [2m:[0;39m Initializing Spring embedded WebApplicationContext
[2m2021-07-22 20:06:00.507[0;39m [32m INFO[0;39m [35m10265[0;39m [2m---[0;39m [2m[           main][0;39m [36mw.s.c.ServletWebServerApplicationContext[0;39m [2m:[0;39m Root WebApplicationContext: initialization completed in 1970 ms
[2m2021-07-22 20:06:00.984[0;39m [32m INFO[0;39m [35m10265[0;39m [2m---[0;39m [2m[           main][0;39m [36mc.a.d.s.b.a.DruidDataSourceAutoConfigure[0;39m [2m:[0;39m Init DruidDataSource
[2m2021-07-22 20:06:01.143[0;39m [32m INFO[0;39m [35m10265[0;39m [2m---[0;39m [2m[           main][0;39m [36mcom.alibaba.druid.pool.DruidDataSource  [0;39m [2m:[0;39m {dataSource-1} inited
[2m2021-07-22 20:06:22.553[0;39m [32m INFO[0;39m [35m10265[0;39m [2m---[0;39m [2m[           main][0;39m [36mcom.my.facade.config.ExecutorConfig     [0;39m [2m:[0;39m start asyncServiceExecutor
[2m2021-07-22 20:06:28.725[0;39m [32m INFO[0;39m [35m10265[0;39m [2m---[0;39m [2m[           main][0;39m [36mo.s.b.w.embedded.tomcat.TomcatWebServer [0;39m [2m:[0;39m Tomcat started on port(s): 8082 (http) with context path ''
[2m2021-07-22 20:06:28.730[0;39m [32m INFO[0;39m [35m10265[0;39m [2m---[0;39m [2m[           main][0;39m [36md.s.w.p.DocumentationPluginsBootstrapper[0;39m [2m:[0;39m Context refreshed
[2m2021-07-22 20:06:28.739[0;39m [32m INFO[0;39m [35m10265[0;39m [2m---[0;39m [2m[           main][0;39m [36md.s.w.p.DocumentationPluginsBootstrapper[0;39m [2m:[0;39m Found 1 custom documentation plugin(s)
[2m2021-07-22 20:06:28.748[0;39m [32m INFO[0;39m [35m10265[0;39m [2m---[0;39m [2m[           main][0;39m [36ms.d.s.w.s.ApiListingReferenceScanner    [0;39m [2m:[0;39m Scanning for api listing references
[2m2021-07-22 20:06:29.009[0;39m [32m INFO[0;39m [35m10265[0;39m [2m---[0;39m [2m[nio-8082-exec-1][0;39m [36mo.a.c.c.C.[Tomcat].[localhost].[/]      [0;39m [2m:[0;39m Initializing Spring DispatcherServlet 'dispatcherServlet'
[2m2021-07-22 20:06:29.011[0;39m [32m INFO[0;39m [35m10265[0;39m [2m---[0;39m [2m[nio-8082-exec-1][0;39m [36mo.s.web.servlet.DispatcherServlet       [0;39m [2m:[0;39m Initializing Servlet 'dispatcherServlet'
[2m2021-07-22 20:06:29.018[0;39m [32m INFO[0;39m [35m10265[0;39m [2m---[0;39m [2m[nio-8082-exec-1][0;39m [36mo.s.web.servlet.DispatcherServlet       [0;39m [2m:[0;39m Completed initialization in 7 ms
[2m2021-07-22 20:06:29.356[0;39m [32m INFO[0;39m [35m10265[0;39m [2m---[0;39m [2m[           main][0;39m [36mo.s.a.r.c.CachingConnectionFactory      [0;39m [2m:[0;39m Attempting to connect to: 127.0.0.1:5672
[2m2021-07-22 20:06:29.419[0;39m [32m INFO[0;39m [35m10265[0;39m [2m---[0;39m [2m[           main][0;39m [36mo.s.a.r.c.CachingConnectionFactory      [0;39m [2m:[0;39m Created new connection: connectionFactory#472c9f88:0/SimpleConnection@182fd26b [delegate=amqp://guest@127.0.0.1:5672/, localPort= 58779]
[2m2021-07-22 20:06:29.669[0;39m [32m INFO[0;39m [35m10265[0;39m [2m---[0;39m [2m[           main][0;39m [36ms.a.ScheduledAnnotationBeanPostProcessor[0;39m [2m:[0;39m No TaskScheduler/ScheduledExecutorService bean found for scheduled processing
[2m2021-07-22 20:06:29.700[0;39m [32m INFO[0;39m [35m10265[0;39m [2m---[0;39m [2m[           main][0;39m [36mcom.my.facade.MyApplication             [0;39m [2m:[0;39m Started MyApplication in 51.953 seconds (JVM running for 57.759)
